<?xml version="1.0" encoding="UTF-8"?>
<!-- Generated by org.testng.reporters.JUnitReportReporter -->
<testsuite name="com.wbl.test.SearchDetailsTest" tests="3" time="65.799" ignored="0" failures="0" timestamp="12 Jul 2017 23:18:46 GMT" skipped="0" hostname="KFAutie-S47" errors="0">
  <testcase name="getColorTest" time="53.452" classname="com.wbl.test.SearchDetailsTest"/>
  <testcase name="getQuantityTest" time="9.963" classname="com.wbl.test.SearchDetailsTest"/>
  <testcase name="getSizeTest" time="2.384" classname="com.wbl.test.SearchDetailsTest"/>
</testsuite> <!-- com.wbl.test.SearchDetailsTest -->
