<?xml version="1.0" encoding="UTF-8"?>
<!-- Generated by org.testng.reporters.JUnitReportReporter -->
<testsuite name="com.wbl.test.SearchDetailsTest" tests="3" time="13.748" ignored="0" failures="0" timestamp="12 Jul 2017 17:25:02 GMT" skipped="0" hostname="KFAutie-S47" errors="0">
  <testcase name="getColorTest" time="0.482" classname="com.wbl.test.SearchDetailsTest"/>
  <testcase name="getQuantityTest" time="10.568" classname="com.wbl.test.SearchDetailsTest"/>
  <testcase name="getSizeTest" time="2.698" classname="com.wbl.test.SearchDetailsTest"/>
</testsuite> <!-- com.wbl.test.SearchDetailsTest -->
